Arguments: 
  /usr/bin/node /usr/bin/yarn add cors

PATH: 
  /home/le/.local/bin:/usr/local/sbin:/usr/local/bin:/usr/sbin:/usr/bin:/sbin:/bin:/usr/games:/usr/local/games:/snap/bin:/home/le/Android/Sdk/emulator:/home/le/Android/Sdk/tools:/home/le/Android/Sdk/tools/bin:/home/le/Android/Sdk/platform-tools

Yarn version: 
  1.19.1

Node version: 
  10.16.3

Platform: 
  linux x64

Trace: 
  Error: read ECONNRESET
      at TLSWrap.onStreamRead (internal/stream_base_commons.js:111:27)

npm manifest: 
  {
    "name": "webbangiay",
    "version": "0.0.0",
    "private": true,
    "scripts": {
      "start": "node ./bin/www",
      "dev": "nodemon ./bin/www"
    },
    "dependencies": {
      "bcrypt": "^3.0.6",
      "cookie-parser": "~1.4.4",
      "debug": "~2.6.9",
      "dotenv": "^8.2.0",
      "express": "~4.16.1",
      "jsonwebtoken": "^8.5.1",
      "mongoose": "^5.7.5",
      "morgan": "~1.9.1",
      "mysql": "^2.17.1",
      "swagger-ui-express": "^4.1.2"
    },
    "devDependencies": {
      "nodemon": "^1.19.3"
    }
  }

yarn manifest: 
  No manifest

Lockfile: 
  No lockfile
